[+] Containers:
 |- [+] Container: /Game/Map
 |   |- [+] ActorDescs:
 |   |   |- Guid:03920DF94EEFC9F86CC66185D32A3DA1 BaseClass: NativeClass:/Script/Engine.StaticMeshActor Name:StaticMeshActor_UAID_A4AE111137DC54FB00_1240666663 Label:SM_SkySphere SpatiallyLoaded:0 Bounds:IsValid=true, Min=(X=-1638400.000 Y=-1638400.000 Z=-1638400.000), Max=(X=1638400.000 Y=1638400.000 Z=1638400.000) RuntimeGrid:None EditorOnly:0 RuntimeOnly:0 HLODRelevant:0 FolderPath:Lighting FolderGuid:B7E9BD5B45A652654791988DEF54CCEB
 |   |   |- Guid:18BF07324D91B4784617A4B218667EE1 BaseClass: NativeClass:/Script/Engine.StaticMeshActor Name:StaticMeshActor_UAID_74563C501866ED0102_1932565265 Label:Cube5 SpatiallyLoaded:1 Bounds:IsValid=true, Min=(X=-100.000 Y=-300.000 Z=-300.000), Max=(X=100.000 Y=-100.000 Z=-100.000) RuntimeGrid:None EditorOnly:0 RuntimeOnly:0 HLODRelevant:0
 |   |   |- Guid:18C0EE314FB1FCA9F8FDFE94F9FE5A2D BaseClass:/Game/BP/BP_Camera.BP_Camera_C NativeClass:/Script/Engine.Actor Name:BP_Camera_C_UAID_74563C5018667F0102_1484333905 Label:BP_Camera SpatiallyLoaded:1 Bounds:IsValid=true, Min=(X=0.000 Y=-0.000 Z=0.000), Max=(X=0.000 Y=0.000 Z=869.976) RuntimeGrid:None EditorOnly:0 RuntimeOnly:0 HLODRelevant:0
 |   |   |- Guid:1D3D26F04B6DC10BEFB5B69E5CF914C8 BaseClass: NativeClass:/Script/Engine.VolumetricCloud Name:VolumetricCloud_UAID_A85E45CFE40401D200_1470381760 Label:VolumetricCloud SpatiallyLoaded:0 Bounds:IsValid=true, Min=(X=0.000 Y=0.000 Z=0.000), Max=(X=0.000 Y=0.000 Z=0.000) RuntimeGrid:None EditorOnly:0 RuntimeOnly:0 HLODRelevant:0 FolderPath:Lighting FolderGuid:B7E9BD5B45A652654791988DEF54CCEB
 |   |   |- Guid:1DE8D7AC4103A2EABA11649C7FCF8ACA BaseClass: NativeClass:/Script/Engine.SkyLight Name:SkyLight_UAID_A85E45CFE40401D200_1470380759 Label:SkyLight SpatiallyLoaded:0 Bounds:IsValid=true, Min=(X=0.000 Y=0.000 Z=0.000), Max=(X=0.000 Y=0.000 Z=0.000) RuntimeGrid:None EditorOnly:0 RuntimeOnly:0 HLODRelevant:0 FolderPath:Lighting FolderGuid:B7E9BD5B45A652654791988DEF54CCEB
 |   |   |- Guid:2589C913471168E5486D78B332845A58 BaseClass:/Game/BP/BP_Portal.BP_Portal_C NativeClass:/Script/Engine.Actor Name:BP_Portal_C_UAID_74563C501866900002_2100614850 Label:BP_Portal4 SpatiallyLoaded:1 Bounds:IsValid=true, Min=(X=623.600 Y=-1750.000 Z=-1000.000), Max=(X=2630.000 Y=1750.000 Z=1000.000) RuntimeGrid:None EditorOnly:0 RuntimeOnly:0 HLODRelevant:0
 |   |   |- Guid:2CE12F874AA39D020A0F4BA5739BD305 BaseClass: NativeClass:/Script/Engine.SkyAtmosphere Name:SkyAtmosphere_UAID_A85E45CFE40401D200_1470382762 Label:SkyAtmosphere SpatiallyLoaded:0 Bounds:IsValid=true, Min=(X=0.000 Y=0.000 Z=0.000), Max=(X=0.000 Y=0.000 Z=0.000) RuntimeGrid:None EditorOnly:0 RuntimeOnly:0 HLODRelevant:0 FolderPath:Lighting FolderGuid:B7E9BD5B45A652654791988DEF54CCEB
 |   |   |- Guid:5368FABB47D6D9580DAECA8B0417BF92 BaseClass: NativeClass:/Script/Engine.WorldDataLayers Name:WorldDataLayers Label:WorldDataLayers-1 SpatiallyLoaded:0 Bounds:IsValid=true, Min=(X=0.000 Y=0.000 Z=0.000), Max=(X=0.000 Y=0.000 Z=0.000) RuntimeGrid:None EditorOnly:0 RuntimeOnly:0 HLODRelevant:0
 |   |   |- Guid:5613757A458DE9A5F96068BB1310BAE1 BaseClass:/Game/BP/BP_Portal.BP_Portal_C NativeClass:/Script/Engine.Actor Name:BP_Portal_C_UAID_74563C501866800102_1587575082 Label:BP_Portal5 SpatiallyLoaded:1 Bounds:IsValid=true, Min=(X=-1000.000 Y=-1750.000 Z=623.600), Max=(X=1000.000 Y=1750.000 Z=2630.000) RuntimeGrid:None EditorOnly:0 RuntimeOnly:0 HLODRelevant:0
 |   |   |- Guid:5677C17144FE60D332DF9196CFC23D31 BaseClass:/Game/BP/BP_PLayer1.BP_PLayer1_C NativeClass:/Script/Engine.Character Name:BP_PLayer1_C_UAID_74563C501866FE0002_1265503199 Label:BP_PLayer1 SpatiallyLoaded:1 Bounds:IsValid=true, Min=(X=-25.033 Y=-40.000 Z=-560.895), Max=(X=125.000 Y=40.000 Z=560.895) RuntimeGrid:None EditorOnly:0 RuntimeOnly:0 HLODRelevant:0
 |   |   |- Guid:5EA757C34746A1A6266EB19816155813 BaseClass: NativeClass:/Script/NavigationSystem.NavMeshBoundsVolume Name:NavMeshBoundsVolume_UAID_74563C501866EB0002_1110373856 Label:NavMeshBoundsVolume SpatiallyLoaded:0 Bounds:IsValid=true, Min=(X=-2060.000 Y=-2030.000 Z=-100.000), Max=(X=2040.000 Y=2070.000 Z=100.000) RuntimeGrid:None EditorOnly:0 RuntimeOnly:0 HLODRelevant:0
 |   |   |- Guid:8D95ACF8464FDFE0DC865EBAB67C83D5 BaseClass: NativeClass:/Script/Engine.StaticMeshActor Name:StaticMeshActor_UAID_74563C501866ED0102_1910707263 Label:Cube SpatiallyLoaded:1 Bounds:IsValid=true, Min=(X=-100.000 Y=-500.000 Z=-100.000), Max=(X=100.000 Y=-300.000 Z=100.000) RuntimeGrid:None EditorOnly:0 RuntimeOnly:0 HLODRelevant:0
 |   |   |- Guid:A8BFCD0D479C2ECCAE513D961977C878 BaseClass:/Game/BP/BP_Portal.BP_Portal_C NativeClass:/Script/Engine.Actor Name:BP_Portal_C_UAID_74563C501866900002_2100613849 Label:BP_Portal3 SpatiallyLoaded:1 Bounds:IsValid=true, Min=(X=-2630.000 Y=-1750.000 Z=-1000.000), Max=(X=-623.600 Y=1750.000 Z=1000.000) RuntimeGrid:None EditorOnly:0 RuntimeOnly:0 HLODRelevant:0
 |   |   |- Guid:AAAC6B5742760A58C2206DB37E44683C BaseClass: NativeClass:/Script/Engine.DirectionalLight Name:DirectionalLight_UAID_A85E45CFE40401D200_1470382761 Label:DirectionalLight SpatiallyLoaded:0 Bounds:IsValid=true, Min=(X=-4398046511104.000 Y=-4398046511104.000 Z=-4398046511104.000), Max=(X=4398046511104.000 Y=4398046511104.000 Z=4398046511104.000) RuntimeGrid:None EditorOnly:0 RuntimeOnly:0 HLODRelevant:0 FolderPath:Lighting FolderGuid:B7E9BD5B45A652654791988DEF54CCEB
 |   |   |- Guid:AB28B9904D98C4C4D52C4CB8BFC5350A BaseClass: NativeClass:/Script/Engine.StaticMeshActor Name:StaticMeshActor_UAID_74563C501866820102_1408601437 Label:Cube3 SpatiallyLoaded:1 Bounds:IsValid=true, Min=(X=638.050 Y=-1208.720 Z=-1504.296), Max=(X=1787.198 Y=1208.720 Z=913.144) RuntimeGrid:None EditorOnly:0 RuntimeOnly:0 HLODRelevant:1
 |   |   |- Guid:C6382B0246709DE520FC528F667C72C4 BaseClass: NativeClass:/Script/Engine.StaticMeshActor Name:StaticMeshActor_UAID_74563C501866820102_1314800436 Label:Cube2 SpatiallyLoaded:1 Bounds:IsValid=true, Min=(X=-1208.720 Y=-1208.720 Z=-1783.325), Max=(X=1208.720 Y=1208.720 Z=-634.177) RuntimeGrid:None EditorOnly:0 RuntimeOnly:0 HLODRelevant:1
 |   |   |- Guid:C75B046747BD2024124BE8B04D96A808 BaseClass: NativeClass:/Script/NavigationSystem.RecastNavMesh Name:RecastNavMesh_UAID_74563C501866EB0002-Default Label:RecastNavMesh-Default SpatiallyLoaded:0 Bounds:IsValid=true, Min=(X=0.000 Y=0.000 Z=0.000), Max=(X=0.000 Y=0.000 Z=0.000) RuntimeGrid:None EditorOnly:0 RuntimeOnly:0 HLODRelevant:0
 |   |   |- Guid:CBEC30FE412284C7FC24BEBBD90B9F43 BaseClass: NativeClass:/Script/Engine.StaticMeshActor Name:StaticMeshActor_UAID_74563C501866ED0102_1941290269 Label:Cube9 SpatiallyLoaded:1 Bounds:IsValid=true, Min=(X=-100.000 Y=300.000 Z=-100.000), Max=(X=100.000 Y=500.000 Z=100.000) RuntimeGrid:None EditorOnly:0 RuntimeOnly:0 HLODRelevant:0
 |   |   |- Guid:D3FB7383421AAEFD3DB6F8B1E415A9FE BaseClass: NativeClass:/Script/Engine.ExponentialHeightFog Name:ExponentialHeightFog_UAID_A85E45CFE40401D200_1470382763 Label:ExponentialHeightFog SpatiallyLoaded:0 Bounds:IsValid=true, Min=(X=-5600.000 Y=-50.000 Z=-6850.000), Max=(X=-5600.000 Y=-50.000 Z=-6850.000) RuntimeGrid:None EditorOnly:0 RuntimeOnly:0 HLODRelevant:0 FolderPath:Lighting FolderGuid:B7E9BD5B45A652654791988DEF54CCEB
 |   |   |- Guid:D65206F941705AF8B650409B9AA22F23 BaseClass: NativeClass:/Script/Engine.StaticMeshActor Name:StaticMeshActor_UAID_74563C501866ED0102_1935395267 Label:Cube7 SpatiallyLoaded:1 Bounds:IsValid=true, Min=(X=-100.000 Y=100.000 Z=-300.000), Max=(X=100.000 Y=300.000 Z=-100.000) RuntimeGrid:None EditorOnly:0 RuntimeOnly:0 HLODRelevant:0
 |   |   |- Guid:D78BAC5143EC45676D5D48BCE8348AD9 BaseClass:/Game/BP/BP_Portal.BP_Portal_C NativeClass:/Script/Engine.Actor Name:BP_Portal_C_UAID_74563C501866800102_1587577083 Label:BP_Portal6 SpatiallyLoaded:1 Bounds:IsValid=true, Min=(X=-1000.000 Y=-1750.000 Z=-2630.000), Max=(X=1000.000 Y=1750.000 Z=-623.600) RuntimeGrid:None EditorOnly:0 RuntimeOnly:0 HLODRelevant:0
 |   |   |- Guid:E474887745829804107BB3B60FD3BA0D BaseClass:/Game/BP/BP_Portal.BP_Portal_C NativeClass:/Script/Engine.Actor Name:BP_Portal_C_UAID_74563C501866900002_2100617852 Label:BP_Portal2 SpatiallyLoaded:1 Bounds:IsValid=true, Min=(X=-1075.000 Y=1073.600 Z=-1000.000), Max=(X=1075.000 Y=3080.000 Z=1000.000) RuntimeGrid:None EditorOnly:0 RuntimeOnly:0 HLODRelevant:0
 |   |   |- Guid:F6ACFA0142512CFA3D956D9EB721DB77 BaseClass:/Game/BP/BP_Portal.BP_Portal_C NativeClass:/Script/Engine.Actor Name:BP_Portal_C_UAID_74563C501866900002_2100616851 Label:BP_Portal SpatiallyLoaded:1 Bounds:IsValid=true, Min=(X=-1075.000 Y=-3080.000 Z=-1000.000), Max=(X=1075.000 Y=-1073.600 Z=1000.000) RuntimeGrid:None EditorOnly:0 RuntimeOnly:0 HLODRelevant:0
 |   |- [+] Clusters:
 |   |   |- [+] [  0]
 |   |   |   |- Guid:2CE12F874AA39D020A0F4BA5739BD305 BaseClass: NativeClass:/Script/Engine.SkyAtmosphere Name:SkyAtmosphere_UAID_A85E45CFE40401D200_1470382762 Label:SkyAtmosphere SpatiallyLoaded:0 Bounds:IsValid=true, Min=(X=0.000 Y=0.000 Z=0.000), Max=(X=0.000 Y=0.000 Z=0.000) RuntimeGrid:None EditorOnly:0 RuntimeOnly:0 HLODRelevant:0 FolderPath:Lighting FolderGuid:B7E9BD5B45A652654791988DEF54CCEB
 |   |   |- [+] [  1]
 |   |   |   |- Guid:5613757A458DE9A5F96068BB1310BAE1 BaseClass:/Game/BP/BP_Portal.BP_Portal_C NativeClass:/Script/Engine.Actor Name:BP_Portal_C_UAID_74563C501866800102_1587575082 Label:BP_Portal5 SpatiallyLoaded:1 Bounds:IsValid=true, Min=(X=-1000.000 Y=-1750.000 Z=623.600), Max=(X=1000.000 Y=1750.000 Z=2630.000) RuntimeGrid:None EditorOnly:0 RuntimeOnly:0 HLODRelevant:0
 |   |   |   |- Guid:D78BAC5143EC45676D5D48BCE8348AD9 BaseClass:/Game/BP/BP_Portal.BP_Portal_C NativeClass:/Script/Engine.Actor Name:BP_Portal_C_UAID_74563C501866800102_1587577083 Label:BP_Portal6 SpatiallyLoaded:1 Bounds:IsValid=true, Min=(X=-1000.000 Y=-1750.000 Z=-2630.000), Max=(X=1000.000 Y=1750.000 Z=-623.600) RuntimeGrid:None EditorOnly:0 RuntimeOnly:0 HLODRelevant:0
 |   |   |- [+] [  2]
 |   |   |   |- Guid:03920DF94EEFC9F86CC66185D32A3DA1 BaseClass: NativeClass:/Script/Engine.StaticMeshActor Name:StaticMeshActor_UAID_A4AE111137DC54FB00_1240666663 Label:SM_SkySphere SpatiallyLoaded:0 Bounds:IsValid=true, Min=(X=-1638400.000 Y=-1638400.000 Z=-1638400.000), Max=(X=1638400.000 Y=1638400.000 Z=1638400.000) RuntimeGrid:None EditorOnly:0 RuntimeOnly:0 HLODRelevant:0 FolderPath:Lighting FolderGuid:B7E9BD5B45A652654791988DEF54CCEB
 |   |   |- [+] [  3]
 |   |   |   |- Guid:F6ACFA0142512CFA3D956D9EB721DB77 BaseClass:/Game/BP/BP_Portal.BP_Portal_C NativeClass:/Script/Engine.Actor Name:BP_Portal_C_UAID_74563C501866900002_2100616851 Label:BP_Portal SpatiallyLoaded:1 Bounds:IsValid=true, Min=(X=-1075.000 Y=-3080.000 Z=-1000.000), Max=(X=1075.000 Y=-1073.600 Z=1000.000) RuntimeGrid:None EditorOnly:0 RuntimeOnly:0 HLODRelevant:0
 |   |   |   |- Guid:E474887745829804107BB3B60FD3BA0D BaseClass:/Game/BP/BP_Portal.BP_Portal_C NativeClass:/Script/Engine.Actor Name:BP_Portal_C_UAID_74563C501866900002_2100617852 Label:BP_Portal2 SpatiallyLoaded:1 Bounds:IsValid=true, Min=(X=-1075.000 Y=1073.600 Z=-1000.000), Max=(X=1075.000 Y=3080.000 Z=1000.000) RuntimeGrid:None EditorOnly:0 RuntimeOnly:0 HLODRelevant:0
 |   |   |- [+] [  4]
 |   |   |   |- Guid:5677C17144FE60D332DF9196CFC23D31 BaseClass:/Game/BP/BP_PLayer1.BP_PLayer1_C NativeClass:/Script/Engine.Character Name:BP_PLayer1_C_UAID_74563C501866FE0002_1265503199 Label:BP_PLayer1 SpatiallyLoaded:1 Bounds:IsValid=true, Min=(X=-25.033 Y=-40.000 Z=-560.895), Max=(X=125.000 Y=40.000 Z=560.895) RuntimeGrid:None EditorOnly:0 RuntimeOnly:0 HLODRelevant:0
 |   |   |   |- Guid:18C0EE314FB1FCA9F8FDFE94F9FE5A2D BaseClass:/Game/BP/BP_Camera.BP_Camera_C NativeClass:/Script/Engine.Actor Name:BP_Camera_C_UAID_74563C5018667F0102_1484333905 Label:BP_Camera SpatiallyLoaded:1 Bounds:IsValid=true, Min=(X=0.000 Y=-0.000 Z=0.000), Max=(X=0.000 Y=0.000 Z=869.976) RuntimeGrid:None EditorOnly:0 RuntimeOnly:0 HLODRelevant:0
 |   |   |- [+] [  5]
 |   |   |   |- Guid:1DE8D7AC4103A2EABA11649C7FCF8ACA BaseClass: NativeClass:/Script/Engine.SkyLight Name:SkyLight_UAID_A85E45CFE40401D200_1470380759 Label:SkyLight SpatiallyLoaded:0 Bounds:IsValid=true, Min=(X=0.000 Y=0.000 Z=0.000), Max=(X=0.000 Y=0.000 Z=0.000) RuntimeGrid:None EditorOnly:0 RuntimeOnly:0 HLODRelevant:0 FolderPath:Lighting FolderGuid:B7E9BD5B45A652654791988DEF54CCEB
 |   |   |- [+] [  6]
 |   |   |   |- Guid:AAAC6B5742760A58C2206DB37E44683C BaseClass: NativeClass:/Script/Engine.DirectionalLight Name:DirectionalLight_UAID_A85E45CFE40401D200_1470382761 Label:DirectionalLight SpatiallyLoaded:0 Bounds:IsValid=true, Min=(X=-4398046511104.000 Y=-4398046511104.000 Z=-4398046511104.000), Max=(X=4398046511104.000 Y=4398046511104.000 Z=4398046511104.000) RuntimeGrid:None EditorOnly:0 RuntimeOnly:0 HLODRelevant:0 FolderPath:Lighting FolderGuid:B7E9BD5B45A652654791988DEF54CCEB
 |   |   |- [+] [  7]
 |   |   |   |- Guid:AB28B9904D98C4C4D52C4CB8BFC5350A BaseClass: NativeClass:/Script/Engine.StaticMeshActor Name:StaticMeshActor_UAID_74563C501866820102_1408601437 Label:Cube3 SpatiallyLoaded:1 Bounds:IsValid=true, Min=(X=638.050 Y=-1208.720 Z=-1504.296), Max=(X=1787.198 Y=1208.720 Z=913.144) RuntimeGrid:None EditorOnly:0 RuntimeOnly:0 HLODRelevant:1
 |   |   |- [+] [  8]
 |   |   |   |- Guid:5368FABB47D6D9580DAECA8B0417BF92 BaseClass: NativeClass:/Script/Engine.WorldDataLayers Name:WorldDataLayers Label:WorldDataLayers-1 SpatiallyLoaded:0 Bounds:IsValid=true, Min=(X=0.000 Y=0.000 Z=0.000), Max=(X=0.000 Y=0.000 Z=0.000) RuntimeGrid:None EditorOnly:0 RuntimeOnly:0 HLODRelevant:0
 |   |   |- [+] [  9]
 |   |   |   |- Guid:2589C913471168E5486D78B332845A58 BaseClass:/Game/BP/BP_Portal.BP_Portal_C NativeClass:/Script/Engine.Actor Name:BP_Portal_C_UAID_74563C501866900002_2100614850 Label:BP_Portal4 SpatiallyLoaded:1 Bounds:IsValid=true, Min=(X=623.600 Y=-1750.000 Z=-1000.000), Max=(X=2630.000 Y=1750.000 Z=1000.000) RuntimeGrid:None EditorOnly:0 RuntimeOnly:0 HLODRelevant:0
 |   |   |   |- Guid:A8BFCD0D479C2ECCAE513D961977C878 BaseClass:/Game/BP/BP_Portal.BP_Portal_C NativeClass:/Script/Engine.Actor Name:BP_Portal_C_UAID_74563C501866900002_2100613849 Label:BP_Portal3 SpatiallyLoaded:1 Bounds:IsValid=true, Min=(X=-2630.000 Y=-1750.000 Z=-1000.000), Max=(X=-623.600 Y=1750.000 Z=1000.000) RuntimeGrid:None EditorOnly:0 RuntimeOnly:0 HLODRelevant:0
 |   |   |- [+] [ 10]
 |   |   |   |- Guid:1D3D26F04B6DC10BEFB5B69E5CF914C8 BaseClass: NativeClass:/Script/Engine.VolumetricCloud Name:VolumetricCloud_UAID_A85E45CFE40401D200_1470381760 Label:VolumetricCloud SpatiallyLoaded:0 Bounds:IsValid=true, Min=(X=0.000 Y=0.000 Z=0.000), Max=(X=0.000 Y=0.000 Z=0.000) RuntimeGrid:None EditorOnly:0 RuntimeOnly:0 HLODRelevant:0 FolderPath:Lighting FolderGuid:B7E9BD5B45A652654791988DEF54CCEB
 |   |   |- [+] [ 11]
 |   |   |   |- Guid:C75B046747BD2024124BE8B04D96A808 BaseClass: NativeClass:/Script/NavigationSystem.RecastNavMesh Name:RecastNavMesh_UAID_74563C501866EB0002-Default Label:RecastNavMesh-Default SpatiallyLoaded:0 Bounds:IsValid=true, Min=(X=0.000 Y=0.000 Z=0.000), Max=(X=0.000 Y=0.000 Z=0.000) RuntimeGrid:None EditorOnly:0 RuntimeOnly:0 HLODRelevant:0
 |   |   |- [+] [ 12]
 |   |   |   |- Guid:D3FB7383421AAEFD3DB6F8B1E415A9FE BaseClass: NativeClass:/Script/Engine.ExponentialHeightFog Name:ExponentialHeightFog_UAID_A85E45CFE40401D200_1470382763 Label:ExponentialHeightFog SpatiallyLoaded:0 Bounds:IsValid=true, Min=(X=-5600.000 Y=-50.000 Z=-6850.000), Max=(X=-5600.000 Y=-50.000 Z=-6850.000) RuntimeGrid:None EditorOnly:0 RuntimeOnly:0 HLODRelevant:0 FolderPath:Lighting FolderGuid:B7E9BD5B45A652654791988DEF54CCEB
 |   |   |- [+] [ 13]
 |   |   |   |- Guid:5EA757C34746A1A6266EB19816155813 BaseClass: NativeClass:/Script/NavigationSystem.NavMeshBoundsVolume Name:NavMeshBoundsVolume_UAID_74563C501866EB0002_1110373856 Label:NavMeshBoundsVolume SpatiallyLoaded:0 Bounds:IsValid=true, Min=(X=-2060.000 Y=-2030.000 Z=-100.000), Max=(X=2040.000 Y=2070.000 Z=100.000) RuntimeGrid:None EditorOnly:0 RuntimeOnly:0 HLODRelevant:0
 |   |   |- [+] [ 14]
 |   |   |   |- Guid:C6382B0246709DE520FC528F667C72C4 BaseClass: NativeClass:/Script/Engine.StaticMeshActor Name:StaticMeshActor_UAID_74563C501866820102_1314800436 Label:Cube2 SpatiallyLoaded:1 Bounds:IsValid=true, Min=(X=-1208.720 Y=-1208.720 Z=-1783.325), Max=(X=1208.720 Y=1208.720 Z=-634.177) RuntimeGrid:None EditorOnly:0 RuntimeOnly:0 HLODRelevant:1
 |   |   |- [+] [ 15]
 |   |   |   |- Guid:8D95ACF8464FDFE0DC865EBAB67C83D5 BaseClass: NativeClass:/Script/Engine.StaticMeshActor Name:StaticMeshActor_UAID_74563C501866ED0102_1910707263 Label:Cube SpatiallyLoaded:1 Bounds:IsValid=true, Min=(X=-100.000 Y=-500.000 Z=-100.000), Max=(X=100.000 Y=-300.000 Z=100.000) RuntimeGrid:None EditorOnly:0 RuntimeOnly:0 HLODRelevant:0
 |   |   |- [+] [ 16]
 |   |   |   |- Guid:18BF07324D91B4784617A4B218667EE1 BaseClass: NativeClass:/Script/Engine.StaticMeshActor Name:StaticMeshActor_UAID_74563C501866ED0102_1932565265 Label:Cube5 SpatiallyLoaded:1 Bounds:IsValid=true, Min=(X=-100.000 Y=-300.000 Z=-300.000), Max=(X=100.000 Y=-100.000 Z=-100.000) RuntimeGrid:None EditorOnly:0 RuntimeOnly:0 HLODRelevant:0
 |   |   |- [+] [ 17]
 |   |   |   |- Guid:D65206F941705AF8B650409B9AA22F23 BaseClass: NativeClass:/Script/Engine.StaticMeshActor Name:StaticMeshActor_UAID_74563C501866ED0102_1935395267 Label:Cube7 SpatiallyLoaded:1 Bounds:IsValid=true, Min=(X=-100.000 Y=100.000 Z=-300.000), Max=(X=100.000 Y=300.000 Z=-100.000) RuntimeGrid:None EditorOnly:0 RuntimeOnly:0 HLODRelevant:0
 |   |   |- [+] [ 18]
 |   |   |   |- Guid:CBEC30FE412284C7FC24BEBBD90B9F43 BaseClass: NativeClass:/Script/Engine.StaticMeshActor Name:StaticMeshActor_UAID_74563C501866ED0102_1941290269 Label:Cube9 SpatiallyLoaded:1 Bounds:IsValid=true, Min=(X=-100.000 Y=300.000 Z=-100.000), Max=(X=100.000 Y=500.000 Z=100.000) RuntimeGrid:None EditorOnly:0 RuntimeOnly:0 HLODRelevant:0
 |- ContainerInstances:
 |- [+] MainContainer:
 |   |-        ID: 0x0000000000000000
 |   |-    Bounds: IsValid=true, Min=(X=-2630.000 Y=-3080.000 Z=-2630.000), Max=(X=2630.000 Y=3080.000 Z=2630.000)
 |   |- Transform: 0.000000,0.000000,0.000000|0.000000,0.000000,-0.000000|1.000000,1.000000,1.000000
 |   |- Container: /Game/Map
----------------------------------------------------------------------------------------------------------------
Map - Persistent Level
----------------------------------------------------------------------------------------------------------------
Always loaded Actor Count: 30 

----------------------------------------------------------------------------------------------------------------
Map - Runtime Spatial Hash - Streaming Grid - MainGrid
----------------------------------------------------------------------------------------------------------------
            Origin: X=0.000 Y=0.000 Z=0.000
         Cell Size: 25600
      World Bounds: IsValid=true, Min=(X=-2630.000 Y=-3080.000 Z=-2630.000), Max=(X=2630.000 Y=3080.000 Z=2630.000)
     Loading Range: 76800.00
Block Slow Loading: No
 ClientOnlyVisible: No

[+] Grid Levels: 2
 |- Level  0: Cell Count    0 | Cell Size   25600 | Actor Count    0 (0.0%)
 |- Level  1: Cell Count    0 | Cell Size   51200 | Actor Count    0 (0.0%)

[+] Content of Grid Level 0
[+] Content of Grid Level 1

